<?xml version="1.0" encoding="UTF-8"?>
<!-- Generated by org.testng.reporters.JUnitReportReporter -->
<testsuite name="org.com.friday.carlookup.scripts.NegativeScenario" tests="1" time="42.307" ignored="3" failures="0" timestamp="16 Mar 2020 16:58:34 GMT" skipped="0" hostname="DESKTOP-IILGG0H" errors="0">
  <testcase name="Negative_Under18DOB" time="42.307" classname="org.com.friday.carlookup.scripts.NegativeScenario"/>
  <testcase name="Negative_InvalidHSNTSN" classname="org.com.friday.carlookup.scripts.NegativeScenario">
    <skipped/>
  </testcase> <!-- Negative_InvalidHSNTSN -->
  <testcase name="Negative_InvalidRegDate" classname="org.com.friday.carlookup.scripts.NegativeScenario">
    <skipped/>
  </testcase> <!-- Negative_InvalidRegDate -->
  <testcase name="CarLookupPositive" classname="org.com.friday.carlookup.scripts.PositiveScenario">
    <skipped/>
  </testcase> <!-- CarLookupPositive -->
</testsuite> <!-- org.com.friday.carlookup.scripts.NegativeScenario -->
