<?xml version="1.0" encoding="UTF-8"?>
<!-- Generated by org.testng.reporters.JUnitReportReporter -->
<testsuite name="org.com.friday.carlookup.scripts.PositiveScenario" tests="9" time="350.001" ignored="0" failures="0" timestamp="16 Mar 2020 20:08:22 GMT" skipped="0" hostname="DESKTOP-IILGG0H" errors="0">
  <testcase name="CarLookupPositive" time="31.781" classname="org.com.friday.carlookup.scripts.PositiveScenario"/>
  <testcase name="CarLookupPositive" time="95.642" classname="org.com.friday.carlookup.scripts.PositiveScenario"/>
  <testcase name="CarLookupPositive" time="30.925" classname="org.com.friday.carlookup.scripts.PositiveScenario"/>
  <testcase name="CarLookupPositive" time="31.475" classname="org.com.friday.carlookup.scripts.PositiveScenario"/>
  <testcase name="CarLookupPositive" time="31.867" classname="org.com.friday.carlookup.scripts.PositiveScenario"/>
  <testcase name="CarLookupPositive" time="33.934" classname="org.com.friday.carlookup.scripts.PositiveScenario"/>
  <testcase name="CarLookupPositive" time="30.970" classname="org.com.friday.carlookup.scripts.PositiveScenario"/>
  <testcase name="CarLookupPositive" time="31.949" classname="org.com.friday.carlookup.scripts.PositiveScenario"/>
  <testcase name="CarLookupPositive" time="31.458" classname="org.com.friday.carlookup.scripts.PositiveScenario"/>
</testsuite> <!-- org.com.friday.carlookup.scripts.PositiveScenario -->
