<?xml version="1.0" encoding="UTF-8"?>
<!-- Generated by org.testng.reporters.JUnitReportReporter -->
<testsuite name="org.com.friday.carlookup.scripts.NegativeScenario" tests="3" time="90.259" ignored="0" failures="0" timestamp="16 Mar 2020 20:08:22 GMT" skipped="0" hostname="DESKTOP-IILGG0H" errors="0">
  <testcase name="Negative_Under18DOB" time="34.506" classname="org.com.friday.carlookup.scripts.NegativeScenario"/>
  <testcase name="Negative_InvalidRegDate" time="24.812" classname="org.com.friday.carlookup.scripts.NegativeScenario"/>
  <testcase name="Negative_InvalidHSNTSN" time="30.941" classname="org.com.friday.carlookup.scripts.NegativeScenario"/>
</testsuite> <!-- org.com.friday.carlookup.scripts.NegativeScenario -->
