<?xml version="1.0" encoding="UTF-8"?>
<!-- Generated by org.testng.reporters.JUnitReportReporter -->
<testsuite name="org.com.friday.carlookup.scripts.NegativeScenario" tests="3" time="93.561" ignored="0" failures="0" timestamp="17 Mar 2020 06:05:48 GMT" skipped="0" hostname="DESKTOP-IILGG0H" errors="0">
  <testcase name="Negative_InvalidRegDate" time="20.003" classname="org.com.friday.carlookup.scripts.NegativeScenario"/>
  <testcase name="Negative_Under18DOB" time="40.527" classname="org.com.friday.carlookup.scripts.NegativeScenario"/>
  <testcase name="Negative_InvalidHSNTSN" time="33.031" classname="org.com.friday.carlookup.scripts.NegativeScenario"/>
</testsuite> <!-- org.com.friday.carlookup.scripts.NegativeScenario -->
