<?xml version="1.0" encoding="UTF-8"?>
<!-- Generated by org.testng.reporters.JUnitReportReporter -->
<testsuite name="org.com.friday.carlookup.scripts.PositiveScenario" tests="9" time="301.320" ignored="0" failures="0" timestamp="17 Mar 2020 06:05:48 GMT" skipped="0" hostname="DESKTOP-IILGG0H" errors="0">
  <testcase name="CarLookupPositive" time="34.930" classname="org.com.friday.carlookup.scripts.PositiveScenario"/>
  <testcase name="CarLookupPositive" time="31.314" classname="org.com.friday.carlookup.scripts.PositiveScenario"/>
  <testcase name="CarLookupPositive" time="35.457" classname="org.com.friday.carlookup.scripts.PositiveScenario"/>
  <testcase name="CarLookupPositive" time="30.153" classname="org.com.friday.carlookup.scripts.PositiveScenario"/>
  <testcase name="CarLookupPositive" time="33.513" classname="org.com.friday.carlookup.scripts.PositiveScenario"/>
  <testcase name="CarLookupPositive" time="35.706" classname="org.com.friday.carlookup.scripts.PositiveScenario"/>
  <testcase name="CarLookupPositive" time="36.945" classname="org.com.friday.carlookup.scripts.PositiveScenario"/>
  <testcase name="CarLookupPositive" time="30.589" classname="org.com.friday.carlookup.scripts.PositiveScenario"/>
  <testcase name="CarLookupPositive" time="32.713" classname="org.com.friday.carlookup.scripts.PositiveScenario"/>
</testsuite> <!-- org.com.friday.carlookup.scripts.PositiveScenario -->
